2024-09-20 13:06:45 [http-nio-8080-exec-1] INFO  c.e.e.filters.RequestLoggingFilter - 
Request ID: 496c2ed5-cc99-4846-91d7-78ff318009b9
Request URI: POST /batch
Request Body: 
--
Response Status: 200
Response Body: 

2024-09-20 13:07:42 [http-nio-8080-exec-1] INFO  c.e.e.filters.RequestLoggingFilter - 
Request ID: 482f19d9-ea9a-4f4e-8ea8-5db75fc98117
Request URI: POST /batch
Request Body: 
--
Response Status: 200
Response Body: 

2024-09-20 13:11:58 [http-nio-8080-exec-2] INFO  c.e.e.filters.RequestLoggingFilter - 
Request ID: 94e274ee-c720-450a-b995-b068b941ddea
Request URI: POST /batch
Request Body: 
--
Response Status: 200
Response Body: 

2024-09-20 13:12:37 [http-nio-8080-exec-1] INFO  c.e.e.filters.RequestLoggingFilter - 
Request ID: 25300761-7e50-452e-9bdb-7df00d50bef5
Request URI: POST /batch
Request Body: 
--
Response Status: 200
Response Body: 

2024-09-20 13:25:42 [http-nio-8080-exec-1] INFO  c.e.e.filters.RequestLoggingFilter - 
Request ID: 0c5ac561-49e7-4256-bbc3-ea4d7761d381
Request URI: POST /batch
Request Body: 
--
Response Status: 200
Response Body: 

2024-09-20 13:26:39 [http-nio-8080-exec-1] INFO  c.e.e.filters.RequestLoggingFilter - 
Request ID: 370532a5-5fbb-4cad-9e03-5f5a181244c1
Request URI: POST /batch
Request Body: 
--
Response Status: 200
Response Body: 

2024-09-20 13:28:20 [http-nio-8080-exec-2] INFO  c.e.e.filters.RequestLoggingFilter - 
Request ID: e89c797e-59a2-4ebb-a525-e38bba8936db
Request URI: POST /batch
Request Body: 
--
Response Status: 200
Response Body: 

2024-09-20 13:29:18 [http-nio-8080-exec-2] INFO  c.e.e.filters.RequestLoggingFilter - 
Request ID: 0d292c84-b6e9-45c5-b151-bddfdd5da878
Request URI: POST /batch
Request Body: 
--
Response Status: 200
Response Body: 

2024-09-20 13:29:56 [http-nio-8080-exec-3] INFO  c.e.e.filters.RequestLoggingFilter - 
Request ID: 263b5131-7b8f-4721-96ad-534f33e1c088
Request URI: POST /batch
Request Body: 
--
Response Status: 200
Response Body: 

2024-09-20 13:29:57 [http-nio-8080-exec-4] INFO  c.e.e.filters.RequestLoggingFilter - 
Request ID: e79f07a6-d6ef-40d2-965e-4688ca52387b
Request URI: POST /batch
Request Body: 
--
Response Status: 200
Response Body: 

2024-09-20 15:10:01 [http-nio-8080-exec-1] INFO  c.e.e.filters.RequestLoggingFilter - 
Request ID: 93b449fa-77e8-48bc-94e4-9f2ef4609372
Request URI: POST /batch
Request Body: 
--
Response Status: 200
Response Body: 

2024-09-20 15:10:33 [http-nio-8080-exec-3] INFO  c.e.e.filters.RequestLoggingFilter - 
Request ID: 6e43aba9-2f42-4bb4-a7b1-e720e9bf060d
Request URI: POST /batch
Request Body: 
--
Response Status: 400
Response Body: {"code":"SQL_EXCEPTION","message":"Table 'error_handling_poc.batch_job_instance' doesn't exist","errors":[]}

2024-09-20 15:10:42 [http-nio-8080-exec-2] INFO  c.e.e.filters.RequestLoggingFilter - 
Request ID: 6a7554e8-b8da-4f8c-a32a-6e4e3c7cb498
Request URI: POST /batch
Request Body: 
--
Response Status: 200
Response Body: 

2024-09-20 15:12:15 [http-nio-8080-exec-2] INFO  c.e.e.filters.RequestLoggingFilter - 
Request ID: 270a9e07-5308-43ec-9fc8-2d719d81cbdb
Request URI: POST /batch
Request Body: 
--
Response Status: 200
Response Body: 

2024-09-20 15:13:18 [http-nio-8080-exec-2] INFO  c.e.e.filters.RequestLoggingFilter - 
Request ID: fd58bcae-d6c0-4b42-8201-632b06da26b2
Request URI: POST /batch
Request Body: 
--
Response Status: 200
Response Body: 

2024-09-20 15:13:38 [http-nio-8080-exec-3] INFO  c.e.e.filters.RequestLoggingFilter - 
Request ID: f20e0a01-bac6-481a-9201-84fb8f46fccb
Request URI: POST /batch
Request Body: 
--
Response Status: 200
Response Body: 

2024-09-20 15:15:49 [http-nio-8080-exec-2] INFO  c.e.e.filters.RequestLoggingFilter - 
Request ID: 725e225a-513c-474a-ae1e-7c5016743677
Request URI: POST /batch
Request Body: 
--
Response Status: 200
Response Body: 

2024-09-20 15:16:37 [http-nio-8080-exec-1] INFO  c.e.e.filters.RequestLoggingFilter - 
Request ID: fe7d5b6f-a808-4038-a33c-f0a7469791cd
Request URI: POST /batch
Request Body: 
--
Response Status: 200
Response Body: 

2024-09-20 15:17:14 [http-nio-8080-exec-3] INFO  c.e.e.filters.RequestLoggingFilter - 
Request ID: e0697ba2-54c9-4fa2-be7c-fda9da727807
Request URI: POST /batch
Request Body: 
--
Response Status: 200
Response Body: 

2024-09-20 15:18:08 [http-nio-8080-exec-2] INFO  c.e.e.filters.RequestLoggingFilter - 
Request ID: 3fa44af0-695f-4db3-a261-3d8824ee5b07
Request URI: POST /batch
Request Body: 
--
Response Status: 200
Response Body: 

2024-09-20 15:19:48 [http-nio-8080-exec-1] INFO  c.e.e.filters.RequestLoggingFilter - 
Request ID: 5534c850-c33b-42de-82be-a650b243be56
Request URI: POST /batch
Request Body: 
--
Response Status: 200
Response Body: 

2024-09-20 17:53:01 [http-nio-8080-exec-2] INFO  c.e.e.filters.RequestLoggingFilter - 
Request ID: e65a2cdf-bd44-41c7-9e35-c40cfd30a731
Request URI: POST /batch
Request Body: 
--
Response Status: 200
Response Body: 

2024-09-20 17:53:02 [http-nio-8080-exec-3] INFO  c.e.e.filters.RequestLoggingFilter - 
Request ID: a10ec96d-ba09-4218-8121-55021ef129ba
Request URI: POST /batch
Request Body: 
--
Response Status: 200
Response Body: 

2024-09-20 18:00:15 [http-nio-8080-exec-2] INFO  c.e.e.filters.RequestLoggingFilter - 
Request ID: 28f7df0d-94cf-44b6-9587-c382f4b29649
Request URI: POST /batch
Request Body: 
--
Response Status: 200
Response Body: 

2024-09-20 18:04:32 [http-nio-8080-exec-1] INFO  c.e.e.filters.RequestLoggingFilter - 
Request ID: e596edb7-d6bb-4fcc-98a3-b64e9d0f3d97
Request URI: POST /batch
Request Body: 
--
Response Status: 200
Response Body: 

2024-09-20 18:07:07 [http-nio-8080-exec-2] INFO  c.e.e.filters.RequestLoggingFilter - 
Request ID: c698cd95-9781-4780-9e3f-0168494f721c
Request URI: POST /batch
Request Body: 
--
Response Status: 200
Response Body: 

2024-09-20 18:07:19 [http-nio-8080-exec-2] INFO  c.e.e.filters.RequestLoggingFilter - 
Request ID: d627146f-cbef-41ec-9dee-71b34c7f13e9
Request URI: POST /batch
Request Body: 
--
Response Status: 200
Response Body: 

2024-09-20 18:13:46 [http-nio-8080-exec-2] INFO  c.e.e.filters.RequestLoggingFilter - 
Request ID: 1adf7d79-d803-4464-8a19-346d0ba6248d
Request URI: POST /batch
Request Body: 
--
Response Status: 200
Response Body: 

2024-09-20 18:19:52 [http-nio-8080-exec-2] INFO  c.e.e.filters.RequestLoggingFilter - 
Request ID: 2f610736-8c45-4682-920c-462691e386cc
Request URI: POST /batch
Request Body: 
--
Response Status: 200
Response Body: 

2024-09-20 18:22:46 [http-nio-8080-exec-1] INFO  c.e.e.filters.RequestLoggingFilter - 
Request ID: ad601fc9-cc52-494c-8ae8-1d6cba50d09a
Request URI: POST /batch
Request Body: 
--
Response Status: 200
Response Body: 

2024-09-20 18:27:08 [http-nio-8080-exec-2] INFO  c.e.e.filters.RequestLoggingFilter - 
Request ID: 18f37bee-0eb2-4244-952d-f5ee57b6c6b1
Request URI: POST /batch
Request Body: 
--
Response Status: 200
Response Body: 

2024-09-20 19:38:31 [http-nio-8080-exec-1] INFO  c.e.e.filters.RequestLoggingFilter - 
Request ID: 6d383851-1eb9-4d92-85ef-148550de5be5
Request URI: POST /batch
Request Body: 
--
Response Status: 200
Response Body: 

2024-09-20 22:56:12 [http-nio-8080-exec-1] INFO  c.e.e.filters.RequestLoggingFilter - 
Request ID: 91949859-e610-4433-82b1-ba55c8408339
Request URI: POST /batch
Request Body: 
--
Response Status: 200
Response Body: 

2024-09-20 22:56:48 [http-nio-8080-exec-2] INFO  c.e.e.filters.RequestLoggingFilter - 
Request ID: e0166152-0667-49f6-84a9-d5fc0228bfba
Request URI: POST /batch
Request Body: 
--
Response Status: 200
Response Body: 

2024-09-20 22:57:18 [http-nio-8080-exec-2] INFO  c.e.e.filters.RequestLoggingFilter - 
Request ID: 80eb91c2-dfbb-4f25-bd81-2f4f96a7fc65
Request URI: POST /batch
Request Body: 
--
Response Status: 200
Response Body: 

2024-09-21 22:44:44 [http-nio-8080-exec-2] INFO  c.e.e.filters.RequestLoggingFilter - 
Request ID: ea8d0292-8aaa-4717-99c1-77ce74cf735c
Request URI: POST /batch
Request Body: 
--
Response Status: 200
Response Body: 

2024-09-21 22:45:57 [http-nio-8080-exec-2] INFO  c.e.e.filters.RequestLoggingFilter - 
Request ID: dfdaf42d-b2ea-4cc1-b220-270d12373139
Request URI: POST /batch
Request Body: 
--
Response Status: 200
Response Body: 

2024-09-21 22:46:41 [http-nio-8080-exec-3] INFO  c.e.e.filters.RequestLoggingFilter - 
Request ID: ea01b8c7-9c46-40a2-a153-d747f0fbc0ea
Request URI: POST /batch
Request Body: 
--
Response Status: 200
Response Body: 

2024-09-21 22:46:56 [http-nio-8080-exec-1] INFO  c.e.e.filters.RequestLoggingFilter - 
Request ID: a20bf2c8-4c9c-4039-b5dd-4661a4019e58
Request URI: POST /batch
Request Body: 
--
Response Status: 200
Response Body: 

2024-09-21 22:47:33 [http-nio-8080-exec-2] INFO  c.e.e.filters.RequestLoggingFilter - 
Request ID: 3cdcec1f-e748-4f71-9078-32fee059e9e9
Request URI: POST /batch
Request Body: 
--
Response Status: 200
Response Body: 

